android/app/build/intermediates/manifest_merge_blame_file/debug/manifest-merger-blame-debug-report.txt
1<?xml version="1.0" encoding="utf-8"?>
2<manifest xmlns:android="http://schemas.android.com/apk/res/android"
3    package="com.facemeshdetection"
4    android:versionCode="1"
5    android:versionName="1.0" >
6
7    <uses-sdk
8        android:minSdkVersion="21"
9        android:targetSdkVersion="33" />
10
11    <uses-permission android:name="android.permission.SYSTEM_ALERT_WINDOW" />
11-->src\debug\AndroidManifest.xml:5:5-77
11-->src\debug\AndroidManifest.xml:5:22-75
12    <uses-permission android:name="android.permission.INTERNET" />
12-->src\main\AndroidManifest.xml:3:5-67
12-->src\main\AndroidManifest.xml:3:22-64
13    <uses-permission android:name="android.permission.CAMERA" />
13-->src\main\AndroidManifest.xml:4:5-65
13-->src\main\AndroidManifest.xml:4:22-62
14    <uses-permission android:name="android.permission.ACCESS_WIFI_STATE" />
14-->[com.facebook.flipper:flipper:0.125.0] AndroidManifest.xml:16:5-76
14-->[com.facebook.flipper:flipper:0.125.0] AndroidManifest.xml:16:22-73
15
16    <queries>
16-->[androidx.camera:camera-extensions:1.1.0-beta02] AndroidManifest.xml:24:5-28:15
17        <intent>
17-->[androidx.camera:camera-extensions:1.1.0-beta02] AndroidManifest.xml:25:9-27:18
18            <action android:name="androidx.camera.extensions.action.VENDOR_ACTION" />
18-->[androidx.camera:camera-extensions:1.1.0-beta02] AndroidManifest.xml:26:13-86
18-->[androidx.camera:camera-extensions:1.1.0-beta02] AndroidManifest.xml:26:21-83
19        </intent>
20    </queries>
21
22    <application
22-->src\main\AndroidManifest.xml:6:5-25:19
23        android:name="com.facemeshdetection.MainApplication"
23-->src\main\AndroidManifest.xml:7:7-38
24        android:allowBackup="false"
24-->src\main\AndroidManifest.xml:11:7-34
25        android:appComponentFactory="androidx.core.app.CoreComponentFactory"
25-->[androidx.core:core:1.7.0] AndroidManifest.xml:24:18-86
26        android:debuggable="true"
27        android:icon="@mipmap/ic_launcher"
27-->src\main\AndroidManifest.xml:9:7-41
28        android:label="@string/app_name"
28-->src\main\AndroidManifest.xml:8:7-39
29        android:roundIcon="@mipmap/ic_launcher_round"
29-->src\main\AndroidManifest.xml:10:7-52
30        android:theme="@style/AppTheme"
30-->src\main\AndroidManifest.xml:12:7-38
31        android:usesCleartextTraffic="true" >
31-->src\debug\AndroidManifest.xml:8:9-44
32        <activity
32-->src\debug\AndroidManifest.xml:11:9-111
33            android:name="com.facebook.react.devsupport.DevSettingsActivity"
33-->src\debug\AndroidManifest.xml:11:19-83
34            android:exported="false" />
34-->src\debug\AndroidManifest.xml:11:84-108
35        <activity
35-->src\main\AndroidManifest.xml:13:7-24:18
36            android:name="com.facemeshdetection.MainActivity"
36-->src\main\AndroidManifest.xml:14:9-37
37            android:configChanges="keyboard|keyboardHidden|orientation|screenLayout|screenSize|smallestScreenSize|uiMode"
37-->src\main\AndroidManifest.xml:16:9-118
38            android:exported="true"
38-->src\main\AndroidManifest.xml:19:9-32
39            android:label="@string/app_name"
39-->src\main\AndroidManifest.xml:15:9-41
40            android:launchMode="singleTask"
40-->src\main\AndroidManifest.xml:17:9-40
41            android:windowSoftInputMode="adjustResize" >
41-->src\main\AndroidManifest.xml:18:9-51
42            <intent-filter>
42-->src\main\AndroidManifest.xml:20:9-23:25
43                <action android:name="android.intent.action.MAIN" />
43-->src\main\AndroidManifest.xml:21:13-65
43-->src\main\AndroidManifest.xml:21:21-62
44
45                <category android:name="android.intent.category.LAUNCHER" />
45-->src\main\AndroidManifest.xml:22:13-73
45-->src\main\AndroidManifest.xml:22:23-70
46            </intent-filter>
47        </activity>
48
49        <provider
49-->[androidx.emoji2:emoji2:1.0.0] AndroidManifest.xml:26:9-34:20
50            android:name="androidx.startup.InitializationProvider"
50-->[androidx.emoji2:emoji2:1.0.0] AndroidManifest.xml:27:13-67
51            android:authorities="com.facemeshdetection.androidx-startup"
51-->[androidx.emoji2:emoji2:1.0.0] AndroidManifest.xml:28:13-68
52            android:exported="false" >
52-->[androidx.emoji2:emoji2:1.0.0] AndroidManifest.xml:29:13-37
53            <meta-data
53-->[androidx.emoji2:emoji2:1.0.0] AndroidManifest.xml:31:13-33:52
54                android:name="androidx.emoji2.text.EmojiCompatInitializer"
54-->[androidx.emoji2:emoji2:1.0.0] AndroidManifest.xml:32:17-75
55                android:value="androidx.startup" />
55-->[androidx.emoji2:emoji2:1.0.0] AndroidManifest.xml:33:17-49
56            <meta-data
56-->[androidx.lifecycle:lifecycle-process:2.4.0] AndroidManifest.xml:31:13-33:52
57                android:name="androidx.lifecycle.ProcessLifecycleInitializer"
57-->[androidx.lifecycle:lifecycle-process:2.4.0] AndroidManifest.xml:32:17-78
58                android:value="androidx.startup" />
58-->[androidx.lifecycle:lifecycle-process:2.4.0] AndroidManifest.xml:33:17-49
59        </provider>
60
61        <uses-library
61-->[androidx.camera:camera-extensions:1.1.0-beta02] AndroidManifest.xml:31:9-33:40
62            android:name="androidx.camera.extensions.impl"
62-->[androidx.camera:camera-extensions:1.1.0-beta02] AndroidManifest.xml:32:13-59
63            android:required="false" />
63-->[androidx.camera:camera-extensions:1.1.0-beta02] AndroidManifest.xml:33:13-37
64
65        <service
65-->[androidx.camera:camera-camera2:1.1.0-beta02] AndroidManifest.xml:26:9-35:19
66            android:name="androidx.camera.core.impl.MetadataHolderService"
66-->[androidx.camera:camera-camera2:1.1.0-beta02] AndroidManifest.xml:27:13-75
67            android:enabled="false"
67-->[androidx.camera:camera-camera2:1.1.0-beta02] AndroidManifest.xml:28:13-36
68            android:exported="false" >
68-->[androidx.camera:camera-camera2:1.1.0-beta02] AndroidManifest.xml:29:13-37
69            <meta-data
69-->[androidx.camera:camera-camera2:1.1.0-beta02] AndroidManifest.xml:32:13-34:89
70                android:name="androidx.camera.core.impl.MetadataHolderService.DEFAULT_CONFIG_PROVIDER"
70-->[androidx.camera:camera-camera2:1.1.0-beta02] AndroidManifest.xml:33:17-103
71                android:value="androidx.camera.camera2.Camera2Config$DefaultProvider" />
71-->[androidx.camera:camera-camera2:1.1.0-beta02] AndroidManifest.xml:34:17-86
72        </service>
73    </application>
74
75</manifest>